\BOOKMARK [0][-]{chapter.1}{Background}{}% 1
\BOOKMARK [1][-]{section.1.1}{Motivation}{chapter.1}% 2
\BOOKMARK [1][-]{section.1.2}{Remote Vital Monitoring}{chapter.1}% 3
\BOOKMARK [1][-]{section.1.3}{Human Pose Estimation}{chapter.1}% 4
\BOOKMARK [1][-]{section.1.4}{Human Activity Recognition}{chapter.1}% 5
\BOOKMARK [2][-]{subsection.1.4.1}{Human habits}{section.1.4}% 6
\BOOKMARK [1][-]{section.1.5}{Technologies}{chapter.1}% 7
\BOOKMARK [2][-]{subsection.1.5.1}{Robotic Operating System}{section.1.5}% 8
\BOOKMARK [2][-]{subsection.1.5.2}{Red Green Blue Depth \(RGB-D\)}{section.1.5}% 9
\BOOKMARK [0][-]{chapter.2}{The Project}{}% 10
\BOOKMARK [1][-]{section.2.1}{Human Robot Interaction Package for ROS}{chapter.2}% 11
\BOOKMARK [1][-]{section.2.2}{Human Pose Estimation}{chapter.2}% 12
\BOOKMARK [2][-]{subsection.2.2.1}{Formulas for constraining}{section.2.2}% 13
\BOOKMARK [2][-]{subsection.2.2.2}{Skeleton fitting}{section.2.2}% 14
\BOOKMARK [0][-]{chapter.3}{Experiments}{}% 15
\BOOKMARK [1][-]{section.3.1}{Results}{chapter.3}% 16
\BOOKMARK [1][-]{section.3.2}{Discussion}{chapter.3}% 17
\BOOKMARK [0][-]{chapter.4}{Conclusion}{}% 18
\BOOKMARK [0][-]{chapter.5}{Future Work}{}% 19
\BOOKMARK [1][-]{section.5.1}{Human Pose}{chapter.5}% 20
\BOOKMARK [2][-]{subsection.5.1.1}{papers}{section.5.1}% 21
\BOOKMARK [2][-]{subsection.5.1.2}{datasets}{section.5.1}% 22
\BOOKMARK [1][-]{section.5.2}{Vital detection and mood}{chapter.5}% 23
\BOOKMARK [2][-]{subsection.5.2.1}{papers}{section.5.2}% 24
\BOOKMARK [2][-]{subsection.5.2.2}{datasets}{section.5.2}% 25
\BOOKMARK [1][-]{section.5.3}{Human Activity recognition}{chapter.5}% 26
\BOOKMARK [2][-]{subsection.5.3.1}{papers}{section.5.3}% 27
\BOOKMARK [2][-]{subsection.5.3.2}{datasets}{section.5.3}% 28
\BOOKMARK [1][-]{section.5.4}{Other}{chapter.5}% 29
\BOOKMARK [2][-]{subsection.5.4.1}{papers}{section.5.4}% 30
\BOOKMARK [2][-]{subsection.5.4.2}{datasets}{section.5.4}% 31
\BOOKMARK [0][-]{section*.14}{Appendices}{}% 32
\BOOKMARK [0][-]{Appendix.1.A}{ROS package code}{}% 33
